d:\studia\semestr_4\c++\lustra_projekt_2.0\debug\vc142.pdb
d:\studia\semestr_4\c++\lustra_projekt_2.0\debug\vc142.idb
d:\studia\semestr_4\c++\lustra_projekt_2.0\debug\csvreader.sbr
d:\studia\semestr_4\c++\lustra_projekt_2.0\debug\levellist.sbr
d:\studia\semestr_4\c++\lustra_projekt_2.0\debug\main.sbr
d:\studia\semestr_4\c++\lustra_projekt_2.0\debug\map.sbr
d:\studia\semestr_4\c++\lustra_projekt_2.0\debug\mapobject.sbr
d:\studia\semestr_4\c++\lustra_projekt_2.0\debug\mo1_emitter.sbr
d:\studia\semestr_4\c++\lustra_projekt_2.0\debug\mo2_collector.sbr
d:\studia\semestr_4\c++\lustra_projekt_2.0\debug\mo3_basicmirror.sbr
d:\studia\semestr_4\c++\lustra_projekt_2.0\debug\mo4_wall.sbr
d:\studia\semestr_4\c++\lustra_projekt_2.0\debug\objectstrings.sbr
d:\studia\semestr_4\c++\lustra_projekt_2.0\debug\objectstrings.obj
d:\studia\semestr_4\c++\lustra_projekt_2.0\debug\mo4_wall.obj
d:\studia\semestr_4\c++\lustra_projekt_2.0\debug\mo3_basicmirror.obj
d:\studia\semestr_4\c++\lustra_projekt_2.0\debug\mo2_collector.obj
d:\studia\semestr_4\c++\lustra_projekt_2.0\debug\mo1_emitter.obj
d:\studia\semestr_4\c++\lustra_projekt_2.0\debug\mapobject.obj
d:\studia\semestr_4\c++\lustra_projekt_2.0\debug\map.obj
d:\studia\semestr_4\c++\lustra_projekt_2.0\debug\main.obj
d:\studia\semestr_4\c++\lustra_projekt_2.0\debug\levellist.obj
d:\studia\semestr_4\c++\lustra_projekt_2.0\debug\csvreader.obj
d:\studia\semestr_4\c++\lustra_projekt_2.0\debug\lustra_projekt_2.0.exe
d:\studia\semestr_4\c++\lustra_projekt_2.0\debug\lustra_projekt_2.0.ilk
d:\studia\semestr_4\c++\lustra_projekt_2.0\debug\lustra_projekt_2.0.pdb
d:\studia\semestr_4\c++\lustra_projekt_2.0\debug\lustra_projekt_2.0.bsc
d:\studia\semestr_4\c++\lustra_projekt_2.0\debug\lustra_p.8b523882.tlog\bscmake.command.1.tlog
d:\studia\semestr_4\c++\lustra_projekt_2.0\debug\lustra_p.8b523882.tlog\bscmake.read.1.tlog
d:\studia\semestr_4\c++\lustra_projekt_2.0\debug\lustra_p.8b523882.tlog\cl.command.1.tlog
d:\studia\semestr_4\c++\lustra_projekt_2.0\debug\lustra_p.8b523882.tlog\cl.read.1.tlog
d:\studia\semestr_4\c++\lustra_projekt_2.0\debug\lustra_p.8b523882.tlog\cl.write.1.tlog
d:\studia\semestr_4\c++\lustra_projekt_2.0\debug\lustra_p.8b523882.tlog\link.command.1.tlog
d:\studia\semestr_4\c++\lustra_projekt_2.0\debug\lustra_p.8b523882.tlog\link.read.1.tlog
d:\studia\semestr_4\c++\lustra_projekt_2.0\debug\lustra_p.8b523882.tlog\link.write.1.tlog
